[INFO ] 2021-03-11 15:45:39.322 BasePage:16 - SAYFA AÇILDI...
[INFO ] 2021-03-11 15:45:41.801 BasePage:24 - KADIN SEÇENEĞİ SEÇİLDİ!!
[INFO ] 2021-03-11 15:45:46.874 BasePage:34 - WEBCAM ÜRÜNÜ ARATILDI!!!
[INFO ] 2021-03-11 15:45:49.111 BasePage:43 - MARKA SEÇİLDİ!!
[INFO ] 2021-03-11 15:45:52.314 BasePage:46 - FİYATLAR SIRALANDI!!
[INFO ] 2021-03-11 15:46:15.363 BasePage:16 - SAYFA AÇILDI...
[INFO ] 2021-03-11 15:46:17.899 BasePage:24 - KADIN SEÇENEĞİ SEÇİLDİ!!
[INFO ] 2021-03-11 15:46:22.819 BasePage:34 - WEBCAM ÜRÜNÜ ARATILDI!!!
[INFO ] 2021-03-11 15:46:25.030 BasePage:43 - MARKA SEÇİLDİ!!
[INFO ] 2021-03-11 15:46:28.171 BasePage:46 - FİYATLAR SIRALANDI!!
[INFO ] 2021-03-11 15:48:22.842 BasePage:16 - SAYFA AÇILDI...
[INFO ] 2021-03-11 15:48:25.306 BasePage:24 - KADIN SEÇENEĞİ SEÇİLDİ!!
[INFO ] 2021-03-11 15:48:30.516 BasePage:34 - WEBCAM ÜRÜNÜ ARATILDI!!!
[INFO ] 2021-03-11 15:48:32.721 BasePage:43 - MARKA SEÇİLDİ!!
[INFO ] 2021-03-11 15:48:35.881 BasePage:46 - FİYATLAR SIRALANDI!!
[INFO ] 2021-03-11 15:50:06.100 BasePage:16 - SAYFA AÇILDI...
[INFO ] 2021-03-11 15:50:08.560 BasePage:24 - KADIN SEÇENEĞİ SEÇİLDİ!!
[INFO ] 2021-03-11 15:50:13.594 BasePage:34 - WEBCAM ÜRÜNÜ ARATILDI!!!
[INFO ] 2021-03-11 15:50:15.808 BasePage:43 - MARKA SEÇİLDİ!!
[INFO ] 2021-03-11 15:50:18.973 BasePage:46 - FİYATLAR SIRALANDI!!
[INFO ] 2021-03-11 15:54:23.267 BasePage:16 - SAYFA AÇILDI...
[INFO ] 2021-03-11 15:54:25.672 BasePage:24 - KADIN SEÇENEĞİ SEÇİLDİ!!
[INFO ] 2021-03-11 15:54:30.758 BasePage:34 - WEBCAM ÜRÜNÜ ARATILDI!!!
[INFO ] 2021-03-11 15:54:32.975 BasePage:43 - MARKA SEÇİLDİ!!
[INFO ] 2021-03-11 15:54:36.157 BasePage:46 - FİYATLAR SIRALANDI!!
[INFO ] 2021-03-11 23:15:14.996 BasePage:16 - SAYFA AÇILDI...
[INFO ] 2021-03-11 23:15:18.148 BasePage:24 - KADIN SEÇENEĞİ SEÇİLDİ!!
[INFO ] 2021-03-11 23:15:23.422 BasePage:34 - WEBCAM ÜRÜNÜ ARATILDI!!!
[INFO ] 2021-03-11 23:15:25.738 BasePage:43 - MARKA SEÇİLDİ!!
[INFO ] 2021-03-11 23:15:28.965 BasePage:46 - FİYATLAR SIRALANDI!!
