[INFO ] 2021-03-10 21:01:08.644 BasePage:16 - SAYFA AÇILDI...
[INFO ] 2021-03-10 21:01:11.970 BasePage:34 - WEBCAM ÜRÜNÜ ARATILDI!!!
[INFO ] 2021-03-10 21:13:11.043 BasePage:16 - SAYFA AÇILDI...
[INFO ] 2021-03-10 21:13:14.498 BasePage:34 - WEBCAM ÜRÜNÜ ARATILDI!!!
[INFO ] 2021-03-10 21:19:43.117 BasePage:16 - SAYFA AÇILDI...
[INFO ] 2021-03-10 21:19:46.489 BasePage:34 - WEBCAM ÜRÜNÜ ARATILDI!!!
[INFO ] 2021-03-10 21:21:06.421 BasePage:16 - SAYFA AÇILDI...
[INFO ] 2021-03-10 21:21:09.716 BasePage:34 - WEBCAM ÜRÜNÜ ARATILDI!!!
[INFO ] 2021-03-10 21:21:58.688 BasePage:16 - SAYFA AÇILDI...
[INFO ] 2021-03-10 21:22:02.231 BasePage:34 - WEBCAM ÜRÜNÜ ARATILDI!!!
[INFO ] 2021-03-10 21:22:54.113 BasePage:16 - SAYFA AÇILDI...
[INFO ] 2021-03-10 21:22:57.363 BasePage:34 - WEBCAM ÜRÜNÜ ARATILDI!!!
[INFO ] 2021-03-10 21:39:15.849 BasePage:16 - SAYFA AÇILDI...
[INFO ] 2021-03-10 21:39:19.446 BasePage:34 - WEBCAM ÜRÜNÜ ARATILDI!!!
[INFO ] 2021-03-10 21:40:49.413 BasePage:16 - SAYFA AÇILDI...
[INFO ] 2021-03-10 21:40:52.935 BasePage:34 - WEBCAM ÜRÜNÜ ARATILDI!!!
[INFO ] 2021-03-10 22:00:49.926 BasePage:16 - SAYFA AÇILDI...
[INFO ] 2021-03-10 22:01:09.449 BasePage:16 - SAYFA AÇILDI...
[INFO ] 2021-03-10 22:01:12.460 BasePage:24 - KADIN SEÇENEĞİ SEÇİLDİ!!
[INFO ] 2021-03-10 22:01:23.226 BasePage:16 - SAYFA AÇILDI...
[INFO ] 2021-03-10 22:01:27.083 BasePage:34 - WEBCAM ÜRÜNÜ ARATILDI!!!
[INFO ] 2021-03-10 22:02:13.301 BasePage:16 - SAYFA AÇILDI...
[INFO ] 2021-03-10 22:03:47.174 BasePage:16 - SAYFA AÇILDI...
[INFO ] 2021-03-10 22:03:50.095 BasePage:24 - KADIN SEÇENEĞİ SEÇİLDİ!!
[INFO ] 2021-03-10 22:04:23.568 BasePage:16 - SAYFA AÇILDI...
[INFO ] 2021-03-10 22:04:38.637 BasePage:16 - SAYFA AÇILDI...
[INFO ] 2021-03-10 22:04:41.749 BasePage:24 - KADIN SEÇENEĞİ SEÇİLDİ!!
[INFO ] 2021-03-10 22:04:53.636 BasePage:16 - SAYFA AÇILDI...
[INFO ] 2021-03-10 22:04:56.894 BasePage:34 - WEBCAM ÜRÜNÜ ARATILDI!!!
[INFO ] 2021-03-10 22:07:45.416 BasePage:16 - SAYFA AÇILDI...
[INFO ] 2021-03-10 22:07:48.904 BasePage:34 - WEBCAM ÜRÜNÜ ARATILDI!!!
[INFO ] 2021-03-10 22:07:51.174 BasePage:43 - MARKA SEÇİLDİ!!
[INFO ] 2021-03-10 22:09:02.671 BasePage:16 - SAYFA AÇILDI...
[INFO ] 2021-03-10 22:09:05.958 BasePage:34 - WEBCAM ÜRÜNÜ ARATILDI!!!
[INFO ] 2021-03-10 22:09:08.208 BasePage:43 - MARKA SEÇİLDİ!!
[INFO ] 2021-03-10 22:09:11.363 BasePage:46 - FİYATLAR SIRALANDI!!
[INFO ] 2021-03-10 22:29:29.578 BasePage:16 - SAYFA AÇILDI...
[INFO ] 2021-03-10 22:29:32.756 BasePage:34 - WEBCAM ÜRÜNÜ ARATILDI!!!
[INFO ] 2021-03-10 22:29:34.998 BasePage:43 - MARKA SEÇİLDİ!!
[INFO ] 2021-03-10 22:29:38.141 BasePage:46 - FİYATLAR SIRALANDI!!
[INFO ] 2021-03-10 22:33:27.518 BasePage:16 - SAYFA AÇILDI...
[INFO ] 2021-03-10 22:34:27.392 BasePage:16 - SAYFA AÇILDI...
[INFO ] 2021-03-10 22:34:45.551 BasePage:16 - SAYFA AÇILDI...
[INFO ] 2021-03-10 22:34:48.558 BasePage:24 - KADIN SEÇENEĞİ SEÇİLDİ!!
[INFO ] 2021-03-10 22:34:58.646 BasePage:16 - SAYFA AÇILDI...
[INFO ] 2021-03-10 22:35:01.644 BasePage:34 - WEBCAM ÜRÜNÜ ARATILDI!!!
[INFO ] 2021-03-10 22:58:55.818 BasePage:16 - SAYFA AÇILDI...
[INFO ] 2021-03-10 22:58:58.849 BasePage:24 - KADIN SEÇENEĞİ SEÇİLDİ!!
[INFO ] 2021-03-10 22:59:08.836 BasePage:16 - SAYFA AÇILDI...
[INFO ] 2021-03-10 22:59:12.132 BasePage:34 - WEBCAM ÜRÜNÜ ARATILDI!!!
[INFO ] 2021-03-10 22:59:20.576 BasePage:16 - SAYFA AÇILDI...
[INFO ] 2021-03-10 23:03:01.161 BasePage:16 - SAYFA AÇILDI...
[INFO ] 2021-03-10 23:03:03.637 BasePage:24 - KADIN SEÇENEĞİ SEÇİLDİ!!
[INFO ] 2021-03-10 23:03:08.726 BasePage:34 - WEBCAM ÜRÜNÜ ARATILDI!!!
[INFO ] 2021-03-10 23:03:10.958 BasePage:43 - MARKA SEÇİLDİ!!
[INFO ] 2021-03-10 23:03:14.114 BasePage:46 - FİYATLAR SIRALANDI!!
[INFO ] 2021-03-10 23:04:11.377 BasePage:16 - SAYFA AÇILDI...
[INFO ] 2021-03-10 23:04:13.822 BasePage:24 - KADIN SEÇENEĞİ SEÇİLDİ!!
[INFO ] 2021-03-10 23:04:18.848 BasePage:34 - WEBCAM ÜRÜNÜ ARATILDI!!!
[INFO ] 2021-03-10 23:04:21.045 BasePage:43 - MARKA SEÇİLDİ!!
[INFO ] 2021-03-10 23:04:24.224 BasePage:46 - FİYATLAR SIRALANDI!!
[INFO ] 2021-03-10 23:17:03.253 BasePage:16 - SAYFA AÇILDI...
[INFO ] 2021-03-10 23:17:06.155 BasePage:24 - KADIN SEÇENEĞİ SEÇİLDİ!!
[INFO ] 2021-03-10 23:17:11.147 BasePage:34 - WEBCAM ÜRÜNÜ ARATILDI!!!
[INFO ] 2021-03-10 23:17:13.353 BasePage:43 - MARKA SEÇİLDİ!!
[INFO ] 2021-03-10 23:17:16.560 BasePage:46 - FİYATLAR SIRALANDI!!
[INFO ] 2021-03-10 23:21:30.175 BasePage:16 - SAYFA AÇILDI...
[INFO ] 2021-03-10 23:21:32.601 BasePage:24 - KADIN SEÇENEĞİ SEÇİLDİ!!
[INFO ] 2021-03-10 23:21:37.573 BasePage:34 - WEBCAM ÜRÜNÜ ARATILDI!!!
[INFO ] 2021-03-10 23:21:39.774 BasePage:43 - MARKA SEÇİLDİ!!
[INFO ] 2021-03-10 23:21:42.974 BasePage:46 - FİYATLAR SIRALANDI!!
[INFO ] 2021-03-10 23:24:02.804 BasePage:16 - SAYFA AÇILDI...
[INFO ] 2021-03-10 23:24:05.849 BasePage:24 - KADIN SEÇENEĞİ SEÇİLDİ!!
[INFO ] 2021-03-10 23:24:10.983 BasePage:34 - WEBCAM ÜRÜNÜ ARATILDI!!!
[INFO ] 2021-03-10 23:24:13.185 BasePage:43 - MARKA SEÇİLDİ!!
[INFO ] 2021-03-10 23:24:16.341 BasePage:46 - FİYATLAR SIRALANDI!!
